


ARM Macro Assembler    Page 1 


    1 00000000         ;/******************************************************
                       ********************//**
    2 00000000         ; * @file     startup_LPC17xx.s
    3 00000000         ; * @brief    CMSIS Cortex-M3 Core Device Startup File f
                       or
    4 00000000         ; *           NXP LPC17xx Device Series
    5 00000000         ; * @version  V1.10
    6 00000000         ; * @date     06. April 2011
    7 00000000         ; *
    8 00000000         ; * @note
    9 00000000         ; * Copyright (C) 2009-2011 ARM Limited. All rights rese
                       rved.
   10 00000000         ; *
   11 00000000         ; * @par
   12 00000000         ; * ARM Limited (ARM) is supplying this software for use
                        with Cortex-M
   13 00000000         ; * processor based microcontrollers.  This file can be 
                       freely distributed
   14 00000000         ; * within development tools that are supporting such AR
                       M based processors.
   15 00000000         ; *
   16 00000000         ; * @par
   17 00000000         ; * THIS SOFTWARE IS PROVIDED "AS IS".  NO WARRANTIES, W
                       HETHER EXPRESS, IMPLIED
   18 00000000         ; * OR STATUTORY, INCLUDING, BUT NOT LIMITED TO, IMPLIED
                        WARRANTIES OF
   19 00000000         ; * MERCHANTABILITY AND FITNESS FOR A PARTICULAR PURPOSE
                        APPLY TO THIS SOFTWARE.
   20 00000000         ; * ARM SHALL NOT, IN ANY CIRCUMSTANCES, BE LIABLE FOR S
                       PECIAL, INCIDENTAL, OR
   21 00000000         ; * CONSEQUENTIAL DAMAGES, FOR ANY REASON WHATSOEVER.
   22 00000000         ; *
   23 00000000         ; ******************************************************
                       ************************/
   24 00000000         
   25 00000000         ; *------- <<< Use Configuration Wizard in Context Menu 
                       >>> ------------------
   26 00000000         
   27 00000000         ; <h> Stack Configuration
   28 00000000         ;   <o> Stack Size (in Bytes) <0x0-0xFFFFFFFF:8>
   29 00000000         ; </h>
   30 00000000         
   31 00000000 00000200 
                       Stack_Size
                               EQU              0x00000200
   32 00000000         
   33 00000000                 AREA             STACK, NOINIT, READWRITE, ALIGN
=3
   34 00000000         Stack_Mem
                               SPACE            Stack_Size
   35 00000200         __initial_sp
   36 00000200         
   37 00000200         
   38 00000200         ; <h> Heap Configuration
   39 00000200         ;   <o>  Heap Size (in Bytes) <0x0-0xFFFFFFFF:8>
   40 00000200         ; </h>
   41 00000200         
   42 00000200 00000000 
                       Heap_Size



ARM Macro Assembler    Page 2 


                               EQU              0x00000000
   43 00000200         
   44 00000200                 AREA             HEAP, NOINIT, READWRITE, ALIGN=
3
   45 00000000         __heap_base
   46 00000000         Heap_Mem
                               SPACE            Heap_Size
   47 00000000         __heap_limit
   48 00000000         
   49 00000000                 AREA             readmem, DATA, READWRITE
   50 00000000 00 00 00 
              00 00 00 
              00 00 00 
              00 00 00 
              00 00 00 
              00 00 00 
              00 00 00 
              00 00 00 
              00 00 00 
              00 00 00 
              00 00 00 
              00 00 00 
              00 00 00 
              00 00 00 
              00 00 00 
              00 00 00 Sector_quantity
                               SPACE            48
   51 00000030 00 00 00 
              00       Total_tickets
                               SPACE            4
   52 00000034         
   53 00000034         
   54 00000034                 PRESERVE8
   55 00000034                 THUMB
   56 00000034         
   57 00000034         
   58 00000034         ; Vector Table Mapped to Address 0 at Reset
   59 00000034         
   60 00000034                 AREA             RESET, DATA, READONLY
   61 00000000                 EXPORT           __Vectors
   62 00000000         
   63 00000000 00000000 
                       __Vectors
                               DCD              __initial_sp ; Top of Stack
   64 00000004 00000000        DCD              Reset_Handler ; Reset Handler
   65 00000008 00000000        DCD              NMI_Handler ; NMI Handler
   66 0000000C 00000000        DCD              HardFault_Handler ; Hard Fault 
                                                            Handler
   67 00000010 00000000        DCD              MemManage_Handler 
                                                            ; MPU Fault Handler
                                                            
   68 00000014 00000000        DCD              BusFault_Handler 
                                                            ; Bus Fault Handler
                                                            
   69 00000018 00000000        DCD              UsageFault_Handler ; Usage Faul
                                                            t Handler
   70 0000001C 00000000        DCD              0           ; Reserved
   71 00000020 00000000        DCD              0           ; Reserved
   72 00000024 00000000        DCD              0           ; Reserved



ARM Macro Assembler    Page 3 


   73 00000028 00000000        DCD              0           ; Reserved
   74 0000002C 00000000        DCD              SVC_Handler ; SVCall Handler
   75 00000030 00000000        DCD              DebugMon_Handler ; Debug Monito
                                                            r Handler
   76 00000034 00000000        DCD              0           ; Reserved
   77 00000038 00000000        DCD              PendSV_Handler ; PendSV Handler
                                                            
   78 0000003C 00000000        DCD              SysTick_Handler 
                                                            ; SysTick Handler
   79 00000040         
   80 00000040         ; External Interrupts
   81 00000040 00000000        DCD              WDT_IRQHandler ; 16: Watchdog T
                                                            imer
   82 00000044 00000000        DCD              TIMER0_IRQHandler ; 17: Timer0
   83 00000048 00000000        DCD              TIMER1_IRQHandler ; 18: Timer1
   84 0000004C 00000000        DCD              TIMER2_IRQHandler ; 19: Timer2
   85 00000050 00000000        DCD              TIMER3_IRQHandler ; 20: Timer3
   86 00000054 00000000        DCD              UART0_IRQHandler ; 21: UART0
   87 00000058 00000000        DCD              UART1_IRQHandler ; 22: UART1
   88 0000005C 00000000        DCD              UART2_IRQHandler ; 23: UART2
   89 00000060 00000000        DCD              UART3_IRQHandler ; 24: UART3
   90 00000064 00000000        DCD              PWM1_IRQHandler ; 25: PWM1
   91 00000068 00000000        DCD              I2C0_IRQHandler ; 26: I2C0
   92 0000006C 00000000        DCD              I2C1_IRQHandler ; 27: I2C1
   93 00000070 00000000        DCD              I2C2_IRQHandler ; 28: I2C2
   94 00000074 00000000        DCD              SPI_IRQHandler ; 29: SPI
   95 00000078 00000000        DCD              SSP0_IRQHandler ; 30: SSP0
   96 0000007C 00000000        DCD              SSP1_IRQHandler ; 31: SSP1
   97 00000080 00000000        DCD              PLL0_IRQHandler ; 32: PLL0 Lock
                                                             (Main PLL)
   98 00000084 00000000        DCD              RTC_IRQHandler ; 33: Real Time 
                                                            Clock
   99 00000088 00000000        DCD              EINT0_IRQHandler ; 34: External
                                                             Interrupt 0
  100 0000008C 00000000        DCD              EINT1_IRQHandler ; 35: External
                                                             Interrupt 1
  101 00000090 00000000        DCD              EINT2_IRQHandler ; 36: External
                                                             Interrupt 2
  102 00000094 00000000        DCD              EINT3_IRQHandler ; 37: External
                                                             Interrupt 3
  103 00000098 00000000        DCD              ADC_IRQHandler 
                                                            ; 38: A/D Converter
                                                            
  104 0000009C 00000000        DCD              BOD_IRQHandler ; 39: Brown-Out 
                                                            Detect
  105 000000A0 00000000        DCD              USB_IRQHandler ; 40: USB
  106 000000A4 00000000        DCD              CAN_IRQHandler ; 41: CAN
  107 000000A8 00000000        DCD              DMA_IRQHandler ; 42: General Pu
                                                            rpose DMA
  108 000000AC 00000000        DCD              I2S_IRQHandler ; 43: I2S
  109 000000B0 00000000        DCD              ENET_IRQHandler ; 44: Ethernet
  110 000000B4 00000000        DCD              RIT_IRQHandler ; 45: Repetitive
                                                             Interrupt Timer
  111 000000B8 00000000        DCD              MCPWM_IRQHandler ; 46: Motor Co
                                                            ntrol PWM
  112 000000BC 00000000        DCD              QEI_IRQHandler ; 47: Quadrature
                                                             Encoder Interface
  113 000000C0 00000000        DCD              PLL1_IRQHandler ; 48: PLL1 Lock
                                                             (USB PLL)



ARM Macro Assembler    Page 4 


  114 000000C4 00000000        DCD              USBActivity_IRQHandler ; 49: US
                                                            B Activity interrup
                                                            t to wakeup
  115 000000C8 00000000        DCD              CANActivity_IRQHandler ; 50: CA
                                                            N Activity interrup
                                                            t to wakeup
  116 000000CC         
  117 000000CC         
  118 000000CC                 IF               :LNOT::DEF:NO_CRP
  119 000000CC                 AREA             |.ARM.__at_0x02FC|, CODE, READO
NLY
  120 00000000 FFFFFFFF 
                       CRP_Key DCD              0xFFFFFFFF
  121 00000004                 ENDIF
  122 00000004         
  123 00000004         
  124 00000004                 AREA             |.text|, CODE, READONLY, align=
3
  125 00000000         
  126 00000000         
  127 00000000         ; Reset Handler
  128 00000000         
  129 00000000         Reset_Handler
                               PROC
  130 00000000                 EXPORT           Reset_Handler             [WEAK
]
  131 00000000         
  132 00000000        C 
                       n_req   RN               12
  133 00000000        B 
                       n_sec   RN               11
  134 00000000        A 
                       tot_amount
                               RN               10
  135 00000000        9 
                       tot_qty RN               9
  136 00000000         
  137 00000000 F04F 0006       mov              r0, #6
  138 00000004 494D            LDR              r1, =Sector_quantity_read
  139 00000006 4A4E            LDR              r2, =Sector_quantity
  140 00000008         copy_qty
  141 00000008 F851 3B04       LDR              r3, [r1], #4
  142 0000000C F851 4B04       LDR              r4, [r1], #4
  143 00000010 F842 3B04       STR              r3, [r2], #4
  144 00000014 F842 4B04       STR              r4, [r2], #4
  145 00000018         
  146 00000018 1E40            subs             r0, r0, #1
  147 0000001A D1F5            bne              copy_qty
  148 0000001C         
  149 0000001C         
  150 0000001C F8DF C124       LDR              n_req, =Ticket_requests
  151 00000020 F8DF B124       LDR              n_sec, =Num_sectors
  152 00000024         
  153 00000024 F8DC C000       LDR              n_req, [n_req]
  154 00000028 F8DB B000       LDR              n_sec, [n_sec]
  155 0000002C         
  156 0000002C F04F 0A00       mov              tot_amount, #0 ; r10 = total am
                                                            ount
  157 00000030 F04F 0900       mov              tot_qty, #0 ; r9 = total number



ARM Macro Assembler    Page 5 


                                                             of bought tickets
  158 00000034 4845            LDR              r0, =Tickets
  159 00000036         Loop
  160 00000036         
  161 00000036 F850 1B04       LDR              r1, [r0], #4 ; sector id requir
                                                            ed
  162 0000003A F850 2B04       LDR              r2, [r0], #4 ; qty required
  163 0000003E         
  164 0000003E         ; calculate address of requested sector price
  165 0000003E         ; 1 -->  0 + 4 =  4
  166 0000003E         ; 2 -->  8 + 4 = 12
  167 0000003E         ; 3 --> 16 + 4 = 20
  168 0000003E         ; 4 --> 24 + 4 = 28
  169 0000003E         ; 5 --> 32 + 4 = 36
  170 0000003E         ; 6 --> 40 + 4 = 44
  171 0000003E F1A1 0301       sub              r3, r1, #1
  172 00000042 EA4F 03C3       lsl              r3, r3, #3
  173 00000046 F103 0304       add              r3, r3, #4
  174 0000004A 4C41            LDR              r4, =Sector_prices
  175 0000004C 441C            add              r4, r3, r4
  176 0000004E 6823            LDR              r3, [r4]    ; r3 = price for re
                                                            quested ticket
  177 00000050         
  178 00000050         
  179 00000050         ; loop quantities array and find the requested id (in r2
                       )
  180 00000050 465C            mov              r4, n_sec
  181 00000052 4D3B            LDR              r5, =Sector_quantity
  182 00000054         find_qty
  183 00000054 F855 6B04       LDR              r6, [r5], #4 ; id
  184 00000058 F855 7B04       LDR              r7, [r5], #4 ; qty
  185 0000005C         
  186 0000005C 428E            cmp              r6, r1      ; check id id is th
                                                            e one requested
  187 0000005E BF08 463C       moveq            r4, r7
  188 00000062 D001            beq              found_qty
  189 00000064         
  190 00000064 1E64            subs             r4, r4, #1
  191 00000066 D1F5            bne              find_qty
  192 00000068         
  193 00000068         found_qty                            ; qty in r4
  194 00000068 F1A5 0504       sub              r5, r5, #4  ; r5 = sector quant
                                                            ity address to decr
                                                            ement later
  195 0000006C         
  196 0000006C 4294            cmp              r4, r2
  197 0000006E DA07            bge              qty_ok
  198 00000070 F04F 0B01       mov              r11, #0x01
  199 00000074 F04F 0A00       mov              r10, #0
  200 00000078 4936            ldr              r1, =Total_tickets
  201 0000007A F8C1 A000       str              r10, [r1]
  202 0000007E E012            b                stop
  203 00000080         
  204 00000080         qty_ok
  205 00000080 EBA4 0402       sub              r4, r4, r2  ; r4 = new qty
  206 00000084 602C            STR              r4, [r5]    ; save new qty
  207 00000086         
  208 00000086 4491            add              tot_qty, tot_qty, r2
  209 00000088 FB03 F602       mul              r6, r3, r2



ARM Macro Assembler    Page 6 


  210 0000008C 44B2            add              tot_amount, tot_amount, r6
  211 0000008E         
  212 0000008E         
  213 0000008E F1BC 0C01       subs             n_req, n_req, #1
  214 00000092 D1D0            bne              Loop
  215 00000094         
  216 00000094         ; save total amount 
  217 00000094 F1B9 0F0A       cmp              tot_qty, #10
  218 00000098 BFA8 EA4F 
              0A6A             asrge            tot_amount, tot_amount, #1
  219 0000009E         
  220 0000009E 492D            ldr              r1, =Total_tickets
  221 000000A0 F8C1 A000       STR              tot_amount, [r1]
  222 000000A4         
  223 000000A4 E7FF            b                stop
  224 000000A6         
  225 000000A6 E7FE    stop    b                stop
  226 000000A8         
  227 000000A8 00000001 
              00000019 
              00000002 
              00000028 
              00000003 
              00000037 
              00000004 
              00000041 
              00000005 
              00000050 Sector_prices
                               DCD              0x01, 25, 0x02, 40, 0x03, 55, 0
x04, 65, 0x05, 80
  228 000000D0 00000006 
              0000006E         DCD              0x06, 110
  229 000000D8         
  230 000000D8 00000002 
              000000FA 
              00000005 
              000000FA 
              00000003 
              00000226 
              00000001 
              00000096 
              00000004 Sector_quantity_read
                               DCD              0x02, 250, 0x05, 250, 0x03, 550
, 0x01, 150, 0x04
  231 000000FC 00000064 
              00000006 
              000000C8         DCD              100, 0x06, 200
  232 00000108         
  233 00000108 06      Num_sectors
                               DCB              6
  234 00000109 00 00 00        ALIGN
  235 0000010C 00000005 
              00000002 
              00000003 
              0000000A 
              00000001 
              00000078 Tickets DCD              0x05, 2, 0x03, 10, 0x01, 120
  236 00000124         
  237 00000124 00000003 



ARM Macro Assembler    Page 7 


                       Ticket_requests
                               DCD              3
  238 00000128         
  239 00000128                 ENDP
  240 00000128         
  241 00000128         
  242 00000128         ; Dummy Exception Handlers (infinite loops which can be 
                       modified)
  243 00000128         
  244 00000128         NMI_Handler
                               PROC
  245 00000128                 EXPORT           NMI_Handler               [WEAK
]
  246 00000128 E7FE            B                .
  247 0000012A                 ENDP
  249 0000012A         HardFault_Handler
                               PROC
  250 0000012A                 EXPORT           HardFault_Handler         [WEAK
]
  251 0000012A E7FE            B                .
  252 0000012C                 ENDP
  254 0000012C         MemManage_Handler
                               PROC
  255 0000012C                 EXPORT           MemManage_Handler         [WEAK
]
  256 0000012C E7FE            B                .
  257 0000012E                 ENDP
  259 0000012E         BusFault_Handler
                               PROC
  260 0000012E                 EXPORT           BusFault_Handler          [WEAK
]
  261 0000012E E7FE            B                .
  262 00000130                 ENDP
  264 00000130         UsageFault_Handler
                               PROC
  265 00000130                 EXPORT           UsageFault_Handler        [WEAK
]
  266 00000130 E7FE            B                .
  267 00000132                 ENDP
  268 00000132         SVC_Handler
                               PROC
  269 00000132                 EXPORT           SVC_Handler               [WEAK
]
  270 00000132 E7FE            B                .
  271 00000134                 ENDP
  273 00000134         DebugMon_Handler
                               PROC
  274 00000134                 EXPORT           DebugMon_Handler          [WEAK
]
  275 00000134 E7FE            B                .
  276 00000136                 ENDP
  277 00000136         PendSV_Handler
                               PROC
  278 00000136                 EXPORT           PendSV_Handler            [WEAK
]
  279 00000136 E7FE            B                .
  280 00000138                 ENDP
  281 00000138         SysTick_Handler
                               PROC



ARM Macro Assembler    Page 8 


  282 00000138                 EXPORT           SysTick_Handler           [WEAK
]
  283 00000138 E7FE            B                .
  284 0000013A                 ENDP
  285 0000013A         
  286 0000013A         Default_Handler
                               PROC
  287 0000013A         
  288 0000013A                 EXPORT           WDT_IRQHandler            [WEAK
]
  289 0000013A                 EXPORT           TIMER0_IRQHandler         [WEAK
]
  290 0000013A                 EXPORT           TIMER1_IRQHandler         [WEAK
]
  291 0000013A                 EXPORT           TIMER2_IRQHandler         [WEAK
]
  292 0000013A                 EXPORT           TIMER3_IRQHandler         [WEAK
]
  293 0000013A                 EXPORT           UART0_IRQHandler          [WEAK
]
  294 0000013A                 EXPORT           UART1_IRQHandler          [WEAK
]
  295 0000013A                 EXPORT           UART2_IRQHandler          [WEAK
]
  296 0000013A                 EXPORT           UART3_IRQHandler          [WEAK
]
  297 0000013A                 EXPORT           PWM1_IRQHandler           [WEAK
]
  298 0000013A                 EXPORT           I2C0_IRQHandler           [WEAK
]
  299 0000013A                 EXPORT           I2C1_IRQHandler           [WEAK
]
  300 0000013A                 EXPORT           I2C2_IRQHandler           [WEAK
]
  301 0000013A                 EXPORT           SPI_IRQHandler            [WEAK
]
  302 0000013A                 EXPORT           SSP0_IRQHandler           [WEAK
]
  303 0000013A                 EXPORT           SSP1_IRQHandler           [WEAK
]
  304 0000013A                 EXPORT           PLL0_IRQHandler           [WEAK
]
  305 0000013A                 EXPORT           RTC_IRQHandler            [WEAK
]
  306 0000013A                 EXPORT           EINT0_IRQHandler          [WEAK
]
  307 0000013A                 EXPORT           EINT1_IRQHandler          [WEAK
]
  308 0000013A                 EXPORT           EINT2_IRQHandler          [WEAK
]
  309 0000013A                 EXPORT           EINT3_IRQHandler          [WEAK
]
  310 0000013A                 EXPORT           ADC_IRQHandler            [WEAK
]
  311 0000013A                 EXPORT           BOD_IRQHandler            [WEAK
]
  312 0000013A                 EXPORT           USB_IRQHandler            [WEAK
]
  313 0000013A                 EXPORT           CAN_IRQHandler            [WEAK



ARM Macro Assembler    Page 9 


]
  314 0000013A                 EXPORT           DMA_IRQHandler            [WEAK
]
  315 0000013A                 EXPORT           I2S_IRQHandler            [WEAK
]
  316 0000013A                 EXPORT           ENET_IRQHandler           [WEAK
]
  317 0000013A                 EXPORT           RIT_IRQHandler            [WEAK
]
  318 0000013A                 EXPORT           MCPWM_IRQHandler          [WEAK
]
  319 0000013A                 EXPORT           QEI_IRQHandler            [WEAK
]
  320 0000013A                 EXPORT           PLL1_IRQHandler           [WEAK
]
  321 0000013A                 EXPORT           USBActivity_IRQHandler    [WEAK
]
  322 0000013A                 EXPORT           CANActivity_IRQHandler    [WEAK
]
  323 0000013A         
  324 0000013A         WDT_IRQHandler
  325 0000013A         TIMER0_IRQHandler
  326 0000013A         TIMER1_IRQHandler
  327 0000013A         TIMER2_IRQHandler
  328 0000013A         TIMER3_IRQHandler
  329 0000013A         UART0_IRQHandler
  330 0000013A         UART1_IRQHandler
  331 0000013A         UART2_IRQHandler
  332 0000013A         UART3_IRQHandler
  333 0000013A         PWM1_IRQHandler
  334 0000013A         I2C0_IRQHandler
  335 0000013A         I2C1_IRQHandler
  336 0000013A         I2C2_IRQHandler
  337 0000013A         SPI_IRQHandler
  338 0000013A         SSP0_IRQHandler
  339 0000013A         SSP1_IRQHandler
  340 0000013A         PLL0_IRQHandler
  341 0000013A         RTC_IRQHandler
  342 0000013A         EINT0_IRQHandler
  343 0000013A         EINT1_IRQHandler
  344 0000013A         EINT2_IRQHandler
  345 0000013A         EINT3_IRQHandler
  346 0000013A         ADC_IRQHandler
  347 0000013A         BOD_IRQHandler
  348 0000013A         USB_IRQHandler
  349 0000013A         CAN_IRQHandler
  350 0000013A         DMA_IRQHandler
  351 0000013A         I2S_IRQHandler
  352 0000013A         ENET_IRQHandler
  353 0000013A         RIT_IRQHandler
  354 0000013A         MCPWM_IRQHandler
  355 0000013A         QEI_IRQHandler
  356 0000013A         PLL1_IRQHandler
  357 0000013A         USBActivity_IRQHandler
  358 0000013A         CANActivity_IRQHandler
  359 0000013A         
  360 0000013A E7FE            B                .
  361 0000013C         
  362 0000013C                 ENDP



ARM Macro Assembler    Page 10 


  363 0000013C         
  364 0000013C         
  365 0000013C                 ALIGN
  366 0000013C         
  367 0000013C         
  368 0000013C         ; User Initial Stack & Heap
  369 0000013C         
  370 0000013C                 EXPORT           __initial_sp
  371 0000013C                 EXPORT           __heap_base
  372 0000013C                 EXPORT           __heap_limit
  373 0000013C         
  374 0000013C                 END
              00000000 
              00000000 
              00000000 
              00000000 
              00000000 
              00000000 
              00000000 
Command Line: --debug --xref --diag_suppress=9931 --cpu=Cortex-M3 --apcs=interw
ork --depend=.\startup.d -o.\startup.o -IC:\Keil_v5\ARM\RV31\INC -IC:\Keil_v5\A
RM\CMSIS\Include -IC:\Keil_v5\ARM\INC\NXP\LPC17xx --predefine="__EVAL SETA 1" -
-predefine="__UVISION_VERSION SETA 536" --list=.\startup.lst startup.s



ARM Macro Assembler    Page 1 Alphabetic symbol ordering
Relocatable symbols

STACK 00000000

Symbol: STACK
   Definitions
      At line 33 in file startup.s
   Uses
      None
Comment: STACK unused
Stack_Mem 00000000

Symbol: Stack_Mem
   Definitions
      At line 34 in file startup.s
   Uses
      None
Comment: Stack_Mem unused
__initial_sp 00000200

Symbol: __initial_sp
   Definitions
      At line 35 in file startup.s
   Uses
      At line 63 in file startup.s
      At line 370 in file startup.s

3 symbols



ARM Macro Assembler    Page 1 Alphabetic symbol ordering
Relocatable symbols

HEAP 00000000

Symbol: HEAP
   Definitions
      At line 44 in file startup.s
   Uses
      None
Comment: HEAP unused
Heap_Mem 00000000

Symbol: Heap_Mem
   Definitions
      At line 46 in file startup.s
   Uses
      None
Comment: Heap_Mem unused
__heap_base 00000000

Symbol: __heap_base
   Definitions
      At line 45 in file startup.s
   Uses
      At line 371 in file startup.s
Comment: __heap_base used once
__heap_limit 00000000

Symbol: __heap_limit
   Definitions
      At line 47 in file startup.s
   Uses
      At line 372 in file startup.s
Comment: __heap_limit used once
4 symbols



ARM Macro Assembler    Page 1 Alphabetic symbol ordering
Relocatable symbols

Sector_quantity 00000000

Symbol: Sector_quantity
   Definitions
      At line 50 in file startup.s
   Uses
      At line 139 in file startup.s
      At line 181 in file startup.s

Total_tickets 00000030

Symbol: Total_tickets
   Definitions
      At line 51 in file startup.s
   Uses
      At line 200 in file startup.s
      At line 220 in file startup.s

readmem 00000000

Symbol: readmem
   Definitions
      At line 49 in file startup.s
   Uses
      None
Comment: readmem unused
3 symbols



ARM Macro Assembler    Page 1 Alphabetic symbol ordering
Relocatable symbols

RESET 00000000

Symbol: RESET
   Definitions
      At line 60 in file startup.s
   Uses
      None
Comment: RESET unused
__Vectors 00000000

Symbol: __Vectors
   Definitions
      At line 63 in file startup.s
   Uses
      At line 61 in file startup.s
Comment: __Vectors used once
2 symbols



ARM Macro Assembler    Page 1 Alphabetic symbol ordering
Relocatable symbols

.ARM.__at_0x02FC 00000000

Symbol: .ARM.__at_0x02FC
   Definitions
      At line 119 in file startup.s
   Uses
      None
Comment: .ARM.__at_0x02FC unused
CRP_Key 00000000

Symbol: CRP_Key
   Definitions
      At line 120 in file startup.s
   Uses
      None
Comment: CRP_Key unused
2 symbols



ARM Macro Assembler    Page 1 Alphabetic symbol ordering
Relocatable symbols

.text 00000000

Symbol: .text
   Definitions
      At line 124 in file startup.s
   Uses
      None
Comment: .text unused
ADC_IRQHandler 0000013A

Symbol: ADC_IRQHandler
   Definitions
      At line 346 in file startup.s
   Uses
      At line 103 in file startup.s
      At line 310 in file startup.s

BOD_IRQHandler 0000013A

Symbol: BOD_IRQHandler
   Definitions
      At line 347 in file startup.s
   Uses
      At line 104 in file startup.s
      At line 311 in file startup.s

BusFault_Handler 0000012E

Symbol: BusFault_Handler
   Definitions
      At line 259 in file startup.s
   Uses
      At line 68 in file startup.s
      At line 260 in file startup.s

CANActivity_IRQHandler 0000013A

Symbol: CANActivity_IRQHandler
   Definitions
      At line 358 in file startup.s
   Uses
      At line 115 in file startup.s
      At line 322 in file startup.s

CAN_IRQHandler 0000013A

Symbol: CAN_IRQHandler
   Definitions
      At line 349 in file startup.s
   Uses
      At line 106 in file startup.s
      At line 313 in file startup.s

DMA_IRQHandler 0000013A

Symbol: DMA_IRQHandler
   Definitions
      At line 350 in file startup.s
   Uses



ARM Macro Assembler    Page 2 Alphabetic symbol ordering
Relocatable symbols

      At line 107 in file startup.s
      At line 314 in file startup.s

DebugMon_Handler 00000134

Symbol: DebugMon_Handler
   Definitions
      At line 273 in file startup.s
   Uses
      At line 75 in file startup.s
      At line 274 in file startup.s

Default_Handler 0000013A

Symbol: Default_Handler
   Definitions
      At line 286 in file startup.s
   Uses
      None
Comment: Default_Handler unused
EINT0_IRQHandler 0000013A

Symbol: EINT0_IRQHandler
   Definitions
      At line 342 in file startup.s
   Uses
      At line 99 in file startup.s
      At line 306 in file startup.s

EINT1_IRQHandler 0000013A

Symbol: EINT1_IRQHandler
   Definitions
      At line 343 in file startup.s
   Uses
      At line 100 in file startup.s
      At line 307 in file startup.s

EINT2_IRQHandler 0000013A

Symbol: EINT2_IRQHandler
   Definitions
      At line 344 in file startup.s
   Uses
      At line 101 in file startup.s
      At line 308 in file startup.s

EINT3_IRQHandler 0000013A

Symbol: EINT3_IRQHandler
   Definitions
      At line 345 in file startup.s
   Uses
      At line 102 in file startup.s
      At line 309 in file startup.s

ENET_IRQHandler 0000013A

Symbol: ENET_IRQHandler



ARM Macro Assembler    Page 3 Alphabetic symbol ordering
Relocatable symbols

   Definitions
      At line 352 in file startup.s
   Uses
      At line 109 in file startup.s
      At line 316 in file startup.s

HardFault_Handler 0000012A

Symbol: HardFault_Handler
   Definitions
      At line 249 in file startup.s
   Uses
      At line 66 in file startup.s
      At line 250 in file startup.s

I2C0_IRQHandler 0000013A

Symbol: I2C0_IRQHandler
   Definitions
      At line 334 in file startup.s
   Uses
      At line 91 in file startup.s
      At line 298 in file startup.s

I2C1_IRQHandler 0000013A

Symbol: I2C1_IRQHandler
   Definitions
      At line 335 in file startup.s
   Uses
      At line 92 in file startup.s
      At line 299 in file startup.s

I2C2_IRQHandler 0000013A

Symbol: I2C2_IRQHandler
   Definitions
      At line 336 in file startup.s
   Uses
      At line 93 in file startup.s
      At line 300 in file startup.s

I2S_IRQHandler 0000013A

Symbol: I2S_IRQHandler
   Definitions
      At line 351 in file startup.s
   Uses
      At line 108 in file startup.s
      At line 315 in file startup.s

Loop 00000036

Symbol: Loop
   Definitions
      At line 159 in file startup.s
   Uses
      At line 214 in file startup.s
Comment: Loop used once



ARM Macro Assembler    Page 4 Alphabetic symbol ordering
Relocatable symbols

MCPWM_IRQHandler 0000013A

Symbol: MCPWM_IRQHandler
   Definitions
      At line 354 in file startup.s
   Uses
      At line 111 in file startup.s
      At line 318 in file startup.s

MemManage_Handler 0000012C

Symbol: MemManage_Handler
   Definitions
      At line 254 in file startup.s
   Uses
      At line 67 in file startup.s
      At line 255 in file startup.s

NMI_Handler 00000128

Symbol: NMI_Handler
   Definitions
      At line 244 in file startup.s
   Uses
      At line 65 in file startup.s
      At line 245 in file startup.s

Num_sectors 00000108

Symbol: Num_sectors
   Definitions
      At line 233 in file startup.s
   Uses
      At line 151 in file startup.s
Comment: Num_sectors used once
PLL0_IRQHandler 0000013A

Symbol: PLL0_IRQHandler
   Definitions
      At line 340 in file startup.s
   Uses
      At line 97 in file startup.s
      At line 304 in file startup.s

PLL1_IRQHandler 0000013A

Symbol: PLL1_IRQHandler
   Definitions
      At line 356 in file startup.s
   Uses
      At line 113 in file startup.s
      At line 320 in file startup.s

PWM1_IRQHandler 0000013A

Symbol: PWM1_IRQHandler
   Definitions
      At line 333 in file startup.s
   Uses



ARM Macro Assembler    Page 5 Alphabetic symbol ordering
Relocatable symbols

      At line 90 in file startup.s
      At line 297 in file startup.s

PendSV_Handler 00000136

Symbol: PendSV_Handler
   Definitions
      At line 277 in file startup.s
   Uses
      At line 77 in file startup.s
      At line 278 in file startup.s

QEI_IRQHandler 0000013A

Symbol: QEI_IRQHandler
   Definitions
      At line 355 in file startup.s
   Uses
      At line 112 in file startup.s
      At line 319 in file startup.s

RIT_IRQHandler 0000013A

Symbol: RIT_IRQHandler
   Definitions
      At line 353 in file startup.s
   Uses
      At line 110 in file startup.s
      At line 317 in file startup.s

RTC_IRQHandler 0000013A

Symbol: RTC_IRQHandler
   Definitions
      At line 341 in file startup.s
   Uses
      At line 98 in file startup.s
      At line 305 in file startup.s

Reset_Handler 00000000

Symbol: Reset_Handler
   Definitions
      At line 129 in file startup.s
   Uses
      At line 64 in file startup.s
      At line 130 in file startup.s

SPI_IRQHandler 0000013A

Symbol: SPI_IRQHandler
   Definitions
      At line 337 in file startup.s
   Uses
      At line 94 in file startup.s
      At line 301 in file startup.s

SSP0_IRQHandler 0000013A




ARM Macro Assembler    Page 6 Alphabetic symbol ordering
Relocatable symbols

Symbol: SSP0_IRQHandler
   Definitions
      At line 338 in file startup.s
   Uses
      At line 95 in file startup.s
      At line 302 in file startup.s

SSP1_IRQHandler 0000013A

Symbol: SSP1_IRQHandler
   Definitions
      At line 339 in file startup.s
   Uses
      At line 96 in file startup.s
      At line 303 in file startup.s

SVC_Handler 00000132

Symbol: SVC_Handler
   Definitions
      At line 268 in file startup.s
   Uses
      At line 74 in file startup.s
      At line 269 in file startup.s

Sector_prices 000000A8

Symbol: Sector_prices
   Definitions
      At line 227 in file startup.s
   Uses
      At line 174 in file startup.s
Comment: Sector_prices used once
Sector_quantity_read 000000D8

Symbol: Sector_quantity_read
   Definitions
      At line 230 in file startup.s
   Uses
      At line 138 in file startup.s
Comment: Sector_quantity_read used once
SysTick_Handler 00000138

Symbol: SysTick_Handler
   Definitions
      At line 281 in file startup.s
   Uses
      At line 78 in file startup.s
      At line 282 in file startup.s

TIMER0_IRQHandler 0000013A

Symbol: TIMER0_IRQHandler
   Definitions
      At line 325 in file startup.s
   Uses
      At line 82 in file startup.s
      At line 289 in file startup.s




ARM Macro Assembler    Page 7 Alphabetic symbol ordering
Relocatable symbols

TIMER1_IRQHandler 0000013A

Symbol: TIMER1_IRQHandler
   Definitions
      At line 326 in file startup.s
   Uses
      At line 83 in file startup.s
      At line 290 in file startup.s

TIMER2_IRQHandler 0000013A

Symbol: TIMER2_IRQHandler
   Definitions
      At line 327 in file startup.s
   Uses
      At line 84 in file startup.s
      At line 291 in file startup.s

TIMER3_IRQHandler 0000013A

Symbol: TIMER3_IRQHandler
   Definitions
      At line 328 in file startup.s
   Uses
      At line 85 in file startup.s
      At line 292 in file startup.s

Ticket_requests 00000124

Symbol: Ticket_requests
   Definitions
      At line 237 in file startup.s
   Uses
      At line 150 in file startup.s
Comment: Ticket_requests used once
Tickets 0000010C

Symbol: Tickets
   Definitions
      At line 235 in file startup.s
   Uses
      At line 158 in file startup.s
Comment: Tickets used once
UART0_IRQHandler 0000013A

Symbol: UART0_IRQHandler
   Definitions
      At line 329 in file startup.s
   Uses
      At line 86 in file startup.s
      At line 293 in file startup.s

UART1_IRQHandler 0000013A

Symbol: UART1_IRQHandler
   Definitions
      At line 330 in file startup.s
   Uses
      At line 87 in file startup.s



ARM Macro Assembler    Page 8 Alphabetic symbol ordering
Relocatable symbols

      At line 294 in file startup.s

UART2_IRQHandler 0000013A

Symbol: UART2_IRQHandler
   Definitions
      At line 331 in file startup.s
   Uses
      At line 88 in file startup.s
      At line 295 in file startup.s

UART3_IRQHandler 0000013A

Symbol: UART3_IRQHandler
   Definitions
      At line 332 in file startup.s
   Uses
      At line 89 in file startup.s
      At line 296 in file startup.s

USBActivity_IRQHandler 0000013A

Symbol: USBActivity_IRQHandler
   Definitions
      At line 357 in file startup.s
   Uses
      At line 114 in file startup.s
      At line 321 in file startup.s

USB_IRQHandler 0000013A

Symbol: USB_IRQHandler
   Definitions
      At line 348 in file startup.s
   Uses
      At line 105 in file startup.s
      At line 312 in file startup.s

UsageFault_Handler 00000130

Symbol: UsageFault_Handler
   Definitions
      At line 264 in file startup.s
   Uses
      At line 69 in file startup.s
      At line 265 in file startup.s

WDT_IRQHandler 0000013A

Symbol: WDT_IRQHandler
   Definitions
      At line 324 in file startup.s
   Uses
      At line 81 in file startup.s
      At line 288 in file startup.s

copy_qty 00000008

Symbol: copy_qty



ARM Macro Assembler    Page 9 Alphabetic symbol ordering
Relocatable symbols

   Definitions
      At line 140 in file startup.s
   Uses
      At line 147 in file startup.s
Comment: copy_qty used once
find_qty 00000054

Symbol: find_qty
   Definitions
      At line 182 in file startup.s
   Uses
      At line 191 in file startup.s
Comment: find_qty used once
found_qty 00000068

Symbol: found_qty
   Definitions
      At line 193 in file startup.s
   Uses
      At line 188 in file startup.s
Comment: found_qty used once
qty_ok 00000080

Symbol: qty_ok
   Definitions
      At line 204 in file startup.s
   Uses
      At line 197 in file startup.s
Comment: qty_ok used once
stop 000000A6

Symbol: stop
   Definitions
      At line 225 in file startup.s
   Uses
      At line 202 in file startup.s
      At line 223 in file startup.s
      At line 225 in file startup.s

58 symbols



ARM Macro Assembler    Page 1 Alphabetic symbol ordering
Absolute symbols

Heap_Size 00000000

Symbol: Heap_Size
   Definitions
      At line 42 in file startup.s
   Uses
      At line 46 in file startup.s
Comment: Heap_Size used once
Stack_Size 00000200

Symbol: Stack_Size
   Definitions
      At line 31 in file startup.s
   Uses
      At line 34 in file startup.s
Comment: Stack_Size used once
2 symbols
414 symbols in table
