


ARM Macro Assembler    Page 1 


    1 00000000         ;/******************************************************
                       ********************//**
    2 00000000         ; * @file     startup_LPC17xx.s
    3 00000000         ; * @brief    CMSIS Cortex-M3 Core Device Startup File f
                       or
    4 00000000         ; *           NXP LPC17xx Device Series
    5 00000000         ; * @version  V1.10
    6 00000000         ; * @date     06. April 2011
    7 00000000         ; *
    8 00000000         ; * @note
    9 00000000         ; * Copyright (C) 2009-2011 ARM Limited. All rights rese
                       rved.
   10 00000000         ; *
   11 00000000         ; * @par
   12 00000000         ; * ARM Limited (ARM) is supplying this software for use
                        with Cortex-M
   13 00000000         ; * processor based microcontrollers.  This file can be 
                       freely distributed
   14 00000000         ; * within development tools that are supporting such AR
                       M based processors.
   15 00000000         ; *
   16 00000000         ; * @par
   17 00000000         ; * THIS SOFTWARE IS PROVIDED "AS IS".  NO WARRANTIES, W
                       HETHER EXPRESS, IMPLIED
   18 00000000         ; * OR STATUTORY, INCLUDING, BUT NOT LIMITED TO, IMPLIED
                        WARRANTIES OF
   19 00000000         ; * MERCHANTABILITY AND FITNESS FOR A PARTICULAR PURPOSE
                        APPLY TO THIS SOFTWARE.
   20 00000000         ; * ARM SHALL NOT, IN ANY CIRCUMSTANCES, BE LIABLE FOR S
                       PECIAL, INCIDENTAL, OR
   21 00000000         ; * CONSEQUENTIAL DAMAGES, FOR ANY REASON WHATSOEVER.
   22 00000000         ; *
   23 00000000         ; ******************************************************
                       ************************/
   24 00000000         
   25 00000000         ; *------- <<< Use Configuration Wizard in Context Menu 
                       >>> ------------------
   26 00000000         
   27 00000000         ; <h> Stack Configuration
   28 00000000         ;   <o> Stack Size (in Bytes) <0x0-0xFFFFFFFF:8>
   29 00000000         ; </h>
   30 00000000         
   31 00000000 00000200 
                       Stack_Size
                               EQU              0x00000200
   32 00000000         
   33 00000000                 AREA             STACK, NOINIT, READWRITE, ALIGN
=3
   34 00000000                 SPACE            Stack_Size/2
   35 00000100         Stack_Process
                               SPACE            Stack_Size/2
   36 00000200         __initial_sp
   37 00000200         
   38 00000200         
   39 00000200         ; <h> Heap Configuration
   40 00000200         ;   <o>  Heap Size (in Bytes) <0x0-0xFFFFFFFF:8>
   41 00000200         ; </h>
   42 00000200         
   43 00000200 00000000 



ARM Macro Assembler    Page 2 


                       Heap_Size
                               EQU              0x00000000
   44 00000200         
   45 00000200                 AREA             HEAP, NOINIT, READWRITE, ALIGN=
3
   46 00000000         __heap_base
   47 00000000         Heap_Mem
                               SPACE            Heap_Size
   48 00000000         __heap_limit
   49 00000000         
   50 00000000         
   51 00000000                 PRESERVE8
   52 00000000                 THUMB
   53 00000000         
   54 00000000         
   55 00000000         ; Vector Table Mapped to Address 0 at Reset
   56 00000000         
   57 00000000                 AREA             RESET, DATA, READONLY
   58 00000000                 EXPORT           __Vectors
   59 00000000         
   60 00000000 00000000 
                       __Vectors
                               DCD              __initial_sp ; Top of Stack
   61 00000004 00000000        DCD              Reset_Handler ; Reset Handler
   62 00000008 00000000        DCD              NMI_Handler ; NMI Handler
   63 0000000C 00000000        DCD              HardFault_Handler ; Hard Fault 
                                                            Handler
   64 00000010 00000000        DCD              MemManage_Handler 
                                                            ; MPU Fault Handler
                                                            
   65 00000014 00000000        DCD              BusFault_Handler 
                                                            ; Bus Fault Handler
                                                            
   66 00000018 00000000        DCD              UsageFault_Handler ; Usage Faul
                                                            t Handler
   67 0000001C 00000000        DCD              0           ; Reserved
   68 00000020 00000000        DCD              0           ; Reserved
   69 00000024 00000000        DCD              0           ; Reserved
   70 00000028 00000000        DCD              0           ; Reserved
   71 0000002C 00000000        DCD              SVC_Handler ; SVCall Handler
   72 00000030 00000000        DCD              DebugMon_Handler ; Debug Monito
                                                            r Handler
   73 00000034 00000000        DCD              0           ; Reserved
   74 00000038 00000000        DCD              PendSV_Handler ; PendSV Handler
                                                            
   75 0000003C 00000000        DCD              SysTick_Handler 
                                                            ; SysTick Handler
   76 00000040         
   77 00000040         ; External Interrupts
   78 00000040 00000000        DCD              WDT_IRQHandler ; 16: Watchdog T
                                                            imer
   79 00000044 00000000        DCD              TIMER0_IRQHandler ; 17: Timer0
   80 00000048 00000000        DCD              TIMER1_IRQHandler ; 18: Timer1
   81 0000004C 00000000        DCD              TIMER2_IRQHandler ; 19: Timer2
   82 00000050 00000000        DCD              TIMER3_IRQHandler ; 20: Timer3
   83 00000054 00000000        DCD              UART0_IRQHandler ; 21: UART0
   84 00000058 00000000        DCD              UART1_IRQHandler ; 22: UART1
   85 0000005C 00000000        DCD              UART2_IRQHandler ; 23: UART2
   86 00000060 00000000        DCD              UART3_IRQHandler ; 24: UART3



ARM Macro Assembler    Page 3 


   87 00000064 00000000        DCD              PWM1_IRQHandler ; 25: PWM1
   88 00000068 00000000        DCD              I2C0_IRQHandler ; 26: I2C0
   89 0000006C 00000000        DCD              I2C1_IRQHandler ; 27: I2C1
   90 00000070 00000000        DCD              I2C2_IRQHandler ; 28: I2C2
   91 00000074 00000000        DCD              SPI_IRQHandler ; 29: SPI
   92 00000078 00000000        DCD              SSP0_IRQHandler ; 30: SSP0
   93 0000007C 00000000        DCD              SSP1_IRQHandler ; 31: SSP1
   94 00000080 00000000        DCD              PLL0_IRQHandler ; 32: PLL0 Lock
                                                             (Main PLL)
   95 00000084 00000000        DCD              RTC_IRQHandler ; 33: Real Time 
                                                            Clock
   96 00000088 00000000        DCD              EINT0_IRQHandler ; 34: External
                                                             Interrupt 0
   97 0000008C 00000000        DCD              EINT1_IRQHandler ; 35: External
                                                             Interrupt 1
   98 00000090 00000000        DCD              EINT2_IRQHandler ; 36: External
                                                             Interrupt 2
   99 00000094 00000000        DCD              EINT3_IRQHandler ; 37: External
                                                             Interrupt 3
  100 00000098 00000000        DCD              ADC_IRQHandler 
                                                            ; 38: A/D Converter
                                                            
  101 0000009C 00000000        DCD              BOD_IRQHandler ; 39: Brown-Out 
                                                            Detect
  102 000000A0 00000000        DCD              USB_IRQHandler ; 40: USB
  103 000000A4 00000000        DCD              CAN_IRQHandler ; 41: CAN
  104 000000A8 00000000        DCD              DMA_IRQHandler ; 42: General Pu
                                                            rpose DMA
  105 000000AC 00000000        DCD              I2S_IRQHandler ; 43: I2S
  106 000000B0 00000000        DCD              ENET_IRQHandler ; 44: Ethernet
  107 000000B4 00000000        DCD              RIT_IRQHandler ; 45: Repetitive
                                                             Interrupt Timer
  108 000000B8 00000000        DCD              MCPWM_IRQHandler ; 46: Motor Co
                                                            ntrol PWM
  109 000000BC 00000000        DCD              QEI_IRQHandler ; 47: Quadrature
                                                             Encoder Interface
  110 000000C0 00000000        DCD              PLL1_IRQHandler ; 48: PLL1 Lock
                                                             (USB PLL)
  111 000000C4 00000000        DCD              USBActivity_IRQHandler ; 49: US
                                                            B Activity interrup
                                                            t to wakeup
  112 000000C8 00000000        DCD              CANActivity_IRQHandler ; 50: CA
                                                            N Activity interrup
                                                            t to wakeup
  113 000000CC         
  114 000000CC         
  115 000000CC                 IF               :LNOT::DEF:NO_CRP
  116 000000CC                 AREA             |.ARM.__at_0x02FC|, CODE, READO
NLY
  117 00000000 FFFFFFFF 
                       CRP_Key DCD              0xFFFFFFFF
  118 00000004                 ENDIF
  119 00000004         
  120 00000004                 AREA             results, DATA, READWRITE
  121 00000000 00 00 00 
              00       SQResult
                               SPACE            4
  122 00000004         
  123 00000004                 AREA             |.text|, CODE, READONLY



ARM Macro Assembler    Page 4 


  124 00000000         
  125 00000000         
  126 00000000         ; Reset Handler
  127 00000000         
  128 00000000         Reset_Handler
                               PROC
  129 00000000                 EXPORT           Reset_Handler             [WEAK
]
  130 00000000         
  131 00000000 F04F 0011       mov              r0, #0x11   ; r0 = 17
  132 00000004 F04F 0103       mov              r1, #3
  133 00000008 F381 8814       MSR              CONTROL, r1
  134 0000000C F8DF D06C       LDR              SP, =Stack_Process
  135 00000010         
  136 00000010 DF02            SVC              #0x2
  137 00000012         
  138 00000012 9800            LDR              R0, [sp]
  139 00000014 491A            LDR              R1, =SQResult
  140 00000016 6008            STR              R0, [R1]
  141 00000018         
  142 00000018 E7FE    Stop    b                .
  143 0000001A                 ENDP
  144 0000001A         
  145 0000001A         
  146 0000001A         
  147 0000001A         SVC_Handler
                               PROC
  148 0000001A                 EXPORT           SVC_Handler               [WEAK
]
  149 0000001A         
  150 0000001A         ; CHIAMANTE IN UNPRIVILEGED MODE CON PSP
  151 0000001A E92D 5FFF       STMFD            SP!, {R0-R12, LR}
  152 0000001E F3EF 8209       MRS              R2, PSP
  153 00000022 6990            LDR              R0, [R2, #24] ; indirizzo istru
                                                            zione che chiama SV
                                                            C
  154 00000024 F850 0C04       LDR              R0, [R0,#-4] ; R0 = istruzione 
                                                            SVC chiamante
  155 00000028 F020 407F       BIC              R0, #0xFF000000
  156 0000002C EA4F 4010       LSR              R0, #16     ; Commento dell'SVC
                                                             (0 o 1)
  157 00000030 4601            MOV              R1, R0      ; R1 = direttiva
  158 00000032 6810            LDR              R0, [R2]    ; R0 = X
  159 00000034         
  160 00000034         
  161 00000034         ; CHIAMANTE IN PRIVILEGED MODE CON MSP
  162 00000034         ;    STMFD  SP!, {R0-R12, LR} 
  163 00000034         ;    LDR  R3, [SP, #80] 
  164 00000034         ;    LDR  R1, [R3, #-4] 
  165 00000034         ;    BIC  R1, #0xFF000000
  166 00000034         ;    LSR  R1, #16    
  167 00000034         
  168 00000034 2900            cmp              r1, #0
  169 00000036 D003            beq              Square_power
  170 00000038 2901            cmp              r1, #1
  171 0000003A D004            beq              Square_root
  172 0000003C 4602            mov              r2, r0
  173 0000003E E00E            b                Svc_end
  174 00000040         Square_power                         ;   r2 = X



ARM Macro Assembler    Page 5 


  175 00000040 FB00 F200       mul              r2, r0, r0
  176 00000044 E00B            b                Svc_end
  177 00000046         Square_root
  178 00000046 F04F 0301       mov              r3, #1
  179 0000004A         Square_root_loop
  180 0000004A FB03 F403       mul              r4, r3, r3
  181 0000004E         
  182 0000004E 4284            cmp              r4, r0
  183 00000050 DC02            bgt              Square_root_found
  184 00000052 F103 0301       add              r3, r3, #1
  185 00000056 E7F8            b                Square_root_loop
  186 00000058         Square_root_found
  187 00000058 F1A3 0201       sub              r2, r3, #1
  188 0000005C E7FF            b                Svc_end
  189 0000005E         
  190 0000005E         
  191 0000005E         Svc_end
  192 0000005E         ; CHIAMANTE IN UNPRIVILEGED MODE CON PSP
  193 0000005E F3EF 8009       MRS              R0, PSP
  194 00000062 6202            STR              R2, [R0, #32]
  195 00000064         
  196 00000064         ; CHIAMANTE IN PRIVILEGED MODE CON MSP
  197 00000064         ; STR  R2, [SP, #88]
  198 00000064         
  199 00000064 E8BD 5FFF       LDMFD            SP!, {R0-R12, LR}
  200 00000068 4770    Svc_quit
                               BX               LR
  201 0000006A                 ENDP
  202 0000006A         
  203 0000006A         ; Dummy Exception Handlers (infinite loops which can be 
                       modified) 
  204 0000006A         NMI_Handler
                               PROC
  205 0000006A                 EXPORT           NMI_Handler               [WEAK
]
  206 0000006A E7FE            B                .
  207 0000006C                 ENDP
  209 0000006C         HardFault_Handler
                               PROC
  210 0000006C                 EXPORT           HardFault_Handler         [WEAK
]
  211 0000006C E7FE            B                .
  212 0000006E                 ENDP
  214 0000006E         MemManage_Handler
                               PROC
  215 0000006E                 EXPORT           MemManage_Handler         [WEAK
]
  216 0000006E E7FE            B                .
  217 00000070                 ENDP
  219 00000070         BusFault_Handler
                               PROC
  220 00000070                 EXPORT           BusFault_Handler          [WEAK
]
  221 00000070 E7FE            B                .
  222 00000072                 ENDP
  224 00000072         UsageFault_Handler
                               PROC
  225 00000072                 EXPORT           UsageFault_Handler        [WEAK
]



ARM Macro Assembler    Page 6 


  226 00000072 E7FE            B                .
  227 00000074                 ENDP
  229 00000074         DebugMon_Handler
                               PROC
  230 00000074                 EXPORT           DebugMon_Handler          [WEAK
]
  231 00000074 E7FE            B                .
  232 00000076                 ENDP
  233 00000076         PendSV_Handler
                               PROC
  234 00000076                 EXPORT           PendSV_Handler            [WEAK
]
  235 00000076 E7FE            B                .
  236 00000078                 ENDP
  237 00000078         SysTick_Handler
                               PROC
  238 00000078                 EXPORT           SysTick_Handler           [WEAK
]
  239 00000078 E7FE            B                .
  240 0000007A                 ENDP
  241 0000007A         
  242 0000007A         Default_Handler
                               PROC
  243 0000007A         
  244 0000007A                 EXPORT           WDT_IRQHandler            [WEAK
]
  245 0000007A                 EXPORT           TIMER0_IRQHandler         [WEAK
]
  246 0000007A                 EXPORT           TIMER1_IRQHandler         [WEAK
]
  247 0000007A                 EXPORT           TIMER2_IRQHandler         [WEAK
]
  248 0000007A                 EXPORT           TIMER3_IRQHandler         [WEAK
]
  249 0000007A                 EXPORT           UART0_IRQHandler          [WEAK
]
  250 0000007A                 EXPORT           UART1_IRQHandler          [WEAK
]
  251 0000007A                 EXPORT           UART2_IRQHandler          [WEAK
]
  252 0000007A                 EXPORT           UART3_IRQHandler          [WEAK
]
  253 0000007A                 EXPORT           PWM1_IRQHandler           [WEAK
]
  254 0000007A                 EXPORT           I2C0_IRQHandler           [WEAK
]
  255 0000007A                 EXPORT           I2C1_IRQHandler           [WEAK
]
  256 0000007A                 EXPORT           I2C2_IRQHandler           [WEAK
]
  257 0000007A                 EXPORT           SPI_IRQHandler            [WEAK
]
  258 0000007A                 EXPORT           SSP0_IRQHandler           [WEAK
]
  259 0000007A                 EXPORT           SSP1_IRQHandler           [WEAK
]
  260 0000007A                 EXPORT           PLL0_IRQHandler           [WEAK
]
  261 0000007A                 EXPORT           RTC_IRQHandler            [WEAK



ARM Macro Assembler    Page 7 


]
  262 0000007A                 EXPORT           EINT0_IRQHandler          [WEAK
]
  263 0000007A                 EXPORT           EINT1_IRQHandler          [WEAK
]
  264 0000007A                 EXPORT           EINT2_IRQHandler          [WEAK
]
  265 0000007A                 EXPORT           EINT3_IRQHandler          [WEAK
]
  266 0000007A                 EXPORT           ADC_IRQHandler            [WEAK
]
  267 0000007A                 EXPORT           BOD_IRQHandler            [WEAK
]
  268 0000007A                 EXPORT           USB_IRQHandler            [WEAK
]
  269 0000007A                 EXPORT           CAN_IRQHandler            [WEAK
]
  270 0000007A                 EXPORT           DMA_IRQHandler            [WEAK
]
  271 0000007A                 EXPORT           I2S_IRQHandler            [WEAK
]
  272 0000007A                 EXPORT           ENET_IRQHandler           [WEAK
]
  273 0000007A                 EXPORT           RIT_IRQHandler            [WEAK
]
  274 0000007A                 EXPORT           MCPWM_IRQHandler          [WEAK
]
  275 0000007A                 EXPORT           QEI_IRQHandler            [WEAK
]
  276 0000007A                 EXPORT           PLL1_IRQHandler           [WEAK
]
  277 0000007A                 EXPORT           USBActivity_IRQHandler    [WEAK
]
  278 0000007A                 EXPORT           CANActivity_IRQHandler    [WEAK
]
  279 0000007A         
  280 0000007A         WDT_IRQHandler
  281 0000007A         TIMER0_IRQHandler
  282 0000007A         TIMER1_IRQHandler
  283 0000007A         TIMER2_IRQHandler
  284 0000007A         TIMER3_IRQHandler
  285 0000007A         UART0_IRQHandler
  286 0000007A         UART1_IRQHandler
  287 0000007A         UART2_IRQHandler
  288 0000007A         UART3_IRQHandler
  289 0000007A         PWM1_IRQHandler
  290 0000007A         I2C0_IRQHandler
  291 0000007A         I2C1_IRQHandler
  292 0000007A         I2C2_IRQHandler
  293 0000007A         SPI_IRQHandler
  294 0000007A         SSP0_IRQHandler
  295 0000007A         SSP1_IRQHandler
  296 0000007A         PLL0_IRQHandler
  297 0000007A         RTC_IRQHandler
  298 0000007A         EINT0_IRQHandler
  299 0000007A         EINT1_IRQHandler
  300 0000007A         EINT2_IRQHandler
  301 0000007A         EINT3_IRQHandler
  302 0000007A         ADC_IRQHandler



ARM Macro Assembler    Page 8 


  303 0000007A         BOD_IRQHandler
  304 0000007A         USB_IRQHandler
  305 0000007A         CAN_IRQHandler
  306 0000007A         DMA_IRQHandler
  307 0000007A         I2S_IRQHandler
  308 0000007A         ENET_IRQHandler
  309 0000007A         RIT_IRQHandler
  310 0000007A         MCPWM_IRQHandler
  311 0000007A         QEI_IRQHandler
  312 0000007A         PLL1_IRQHandler
  313 0000007A         USBActivity_IRQHandler
  314 0000007A         CANActivity_IRQHandler
  315 0000007A         
  316 0000007A E7FE            B                .
  317 0000007C         
  318 0000007C                 ENDP
  319 0000007C         
  320 0000007C         
  321 0000007C                 ALIGN
  322 0000007C         
  323 0000007C         
  324 0000007C         ; User Initial Stack & Heap
  325 0000007C         
  326 0000007C                 EXPORT           __initial_sp
  327 0000007C                 EXPORT           __heap_base
  328 0000007C                 EXPORT           __heap_limit
  329 0000007C         
  330 0000007C                 END
              00000000 
              00000000 
Command Line: --debug --xref --diag_suppress=9931 --cpu=Cortex-M3 --apcs=interw
ork --depend=.\startup.d -o.\startup.o -IC:\Keil_v5\ARM\RV31\INC -IC:\Keil_v5\A
RM\CMSIS\Include -IC:\Keil_v5\ARM\INC\NXP\LPC17xx --predefine="__EVAL SETA 1" -
-predefine="__UVISION_VERSION SETA 536" --list=.\startup.lst startup.s



ARM Macro Assembler    Page 1 Alphabetic symbol ordering
Relocatable symbols

STACK 00000000

Symbol: STACK
   Definitions
      At line 33 in file startup.s
   Uses
      None
Comment: STACK unused
Stack_Process 00000100

Symbol: Stack_Process
   Definitions
      At line 35 in file startup.s
   Uses
      At line 134 in file startup.s
Comment: Stack_Process used once
__initial_sp 00000200

Symbol: __initial_sp
   Definitions
      At line 36 in file startup.s
   Uses
      At line 60 in file startup.s
      At line 326 in file startup.s

3 symbols



ARM Macro Assembler    Page 1 Alphabetic symbol ordering
Relocatable symbols

HEAP 00000000

Symbol: HEAP
   Definitions
      At line 45 in file startup.s
   Uses
      None
Comment: HEAP unused
Heap_Mem 00000000

Symbol: Heap_Mem
   Definitions
      At line 47 in file startup.s
   Uses
      None
Comment: Heap_Mem unused
__heap_base 00000000

Symbol: __heap_base
   Definitions
      At line 46 in file startup.s
   Uses
      At line 327 in file startup.s
Comment: __heap_base used once
__heap_limit 00000000

Symbol: __heap_limit
   Definitions
      At line 48 in file startup.s
   Uses
      At line 328 in file startup.s
Comment: __heap_limit used once
4 symbols



ARM Macro Assembler    Page 1 Alphabetic symbol ordering
Relocatable symbols

RESET 00000000

Symbol: RESET
   Definitions
      At line 57 in file startup.s
   Uses
      None
Comment: RESET unused
__Vectors 00000000

Symbol: __Vectors
   Definitions
      At line 60 in file startup.s
   Uses
      At line 58 in file startup.s
Comment: __Vectors used once
2 symbols



ARM Macro Assembler    Page 1 Alphabetic symbol ordering
Relocatable symbols

.ARM.__at_0x02FC 00000000

Symbol: .ARM.__at_0x02FC
   Definitions
      At line 116 in file startup.s
   Uses
      None
Comment: .ARM.__at_0x02FC unused
CRP_Key 00000000

Symbol: CRP_Key
   Definitions
      At line 117 in file startup.s
   Uses
      None
Comment: CRP_Key unused
2 symbols



ARM Macro Assembler    Page 1 Alphabetic symbol ordering
Relocatable symbols

SQResult 00000000

Symbol: SQResult
   Definitions
      At line 121 in file startup.s
   Uses
      At line 139 in file startup.s
Comment: SQResult used once
results 00000000

Symbol: results
   Definitions
      At line 120 in file startup.s
   Uses
      None
Comment: results unused
2 symbols



ARM Macro Assembler    Page 1 Alphabetic symbol ordering
Relocatable symbols

.text 00000000

Symbol: .text
   Definitions
      At line 123 in file startup.s
   Uses
      None
Comment: .text unused
ADC_IRQHandler 0000007A

Symbol: ADC_IRQHandler
   Definitions
      At line 302 in file startup.s
   Uses
      At line 100 in file startup.s
      At line 266 in file startup.s

BOD_IRQHandler 0000007A

Symbol: BOD_IRQHandler
   Definitions
      At line 303 in file startup.s
   Uses
      At line 101 in file startup.s
      At line 267 in file startup.s

BusFault_Handler 00000070

Symbol: BusFault_Handler
   Definitions
      At line 219 in file startup.s
   Uses
      At line 65 in file startup.s
      At line 220 in file startup.s

CANActivity_IRQHandler 0000007A

Symbol: CANActivity_IRQHandler
   Definitions
      At line 314 in file startup.s
   Uses
      At line 112 in file startup.s
      At line 278 in file startup.s

CAN_IRQHandler 0000007A

Symbol: CAN_IRQHandler
   Definitions
      At line 305 in file startup.s
   Uses
      At line 103 in file startup.s
      At line 269 in file startup.s

DMA_IRQHandler 0000007A

Symbol: DMA_IRQHandler
   Definitions
      At line 306 in file startup.s
   Uses



ARM Macro Assembler    Page 2 Alphabetic symbol ordering
Relocatable symbols

      At line 104 in file startup.s
      At line 270 in file startup.s

DebugMon_Handler 00000074

Symbol: DebugMon_Handler
   Definitions
      At line 229 in file startup.s
   Uses
      At line 72 in file startup.s
      At line 230 in file startup.s

Default_Handler 0000007A

Symbol: Default_Handler
   Definitions
      At line 242 in file startup.s
   Uses
      None
Comment: Default_Handler unused
EINT0_IRQHandler 0000007A

Symbol: EINT0_IRQHandler
   Definitions
      At line 298 in file startup.s
   Uses
      At line 96 in file startup.s
      At line 262 in file startup.s

EINT1_IRQHandler 0000007A

Symbol: EINT1_IRQHandler
   Definitions
      At line 299 in file startup.s
   Uses
      At line 97 in file startup.s
      At line 263 in file startup.s

EINT2_IRQHandler 0000007A

Symbol: EINT2_IRQHandler
   Definitions
      At line 300 in file startup.s
   Uses
      At line 98 in file startup.s
      At line 264 in file startup.s

EINT3_IRQHandler 0000007A

Symbol: EINT3_IRQHandler
   Definitions
      At line 301 in file startup.s
   Uses
      At line 99 in file startup.s
      At line 265 in file startup.s

ENET_IRQHandler 0000007A

Symbol: ENET_IRQHandler



ARM Macro Assembler    Page 3 Alphabetic symbol ordering
Relocatable symbols

   Definitions
      At line 308 in file startup.s
   Uses
      At line 106 in file startup.s
      At line 272 in file startup.s

HardFault_Handler 0000006C

Symbol: HardFault_Handler
   Definitions
      At line 209 in file startup.s
   Uses
      At line 63 in file startup.s
      At line 210 in file startup.s

I2C0_IRQHandler 0000007A

Symbol: I2C0_IRQHandler
   Definitions
      At line 290 in file startup.s
   Uses
      At line 88 in file startup.s
      At line 254 in file startup.s

I2C1_IRQHandler 0000007A

Symbol: I2C1_IRQHandler
   Definitions
      At line 291 in file startup.s
   Uses
      At line 89 in file startup.s
      At line 255 in file startup.s

I2C2_IRQHandler 0000007A

Symbol: I2C2_IRQHandler
   Definitions
      At line 292 in file startup.s
   Uses
      At line 90 in file startup.s
      At line 256 in file startup.s

I2S_IRQHandler 0000007A

Symbol: I2S_IRQHandler
   Definitions
      At line 307 in file startup.s
   Uses
      At line 105 in file startup.s
      At line 271 in file startup.s

MCPWM_IRQHandler 0000007A

Symbol: MCPWM_IRQHandler
   Definitions
      At line 310 in file startup.s
   Uses
      At line 108 in file startup.s
      At line 274 in file startup.s



ARM Macro Assembler    Page 4 Alphabetic symbol ordering
Relocatable symbols


MemManage_Handler 0000006E

Symbol: MemManage_Handler
   Definitions
      At line 214 in file startup.s
   Uses
      At line 64 in file startup.s
      At line 215 in file startup.s

NMI_Handler 0000006A

Symbol: NMI_Handler
   Definitions
      At line 204 in file startup.s
   Uses
      At line 62 in file startup.s
      At line 205 in file startup.s

PLL0_IRQHandler 0000007A

Symbol: PLL0_IRQHandler
   Definitions
      At line 296 in file startup.s
   Uses
      At line 94 in file startup.s
      At line 260 in file startup.s

PLL1_IRQHandler 0000007A

Symbol: PLL1_IRQHandler
   Definitions
      At line 312 in file startup.s
   Uses
      At line 110 in file startup.s
      At line 276 in file startup.s

PWM1_IRQHandler 0000007A

Symbol: PWM1_IRQHandler
   Definitions
      At line 289 in file startup.s
   Uses
      At line 87 in file startup.s
      At line 253 in file startup.s

PendSV_Handler 00000076

Symbol: PendSV_Handler
   Definitions
      At line 233 in file startup.s
   Uses
      At line 74 in file startup.s
      At line 234 in file startup.s

QEI_IRQHandler 0000007A

Symbol: QEI_IRQHandler
   Definitions



ARM Macro Assembler    Page 5 Alphabetic symbol ordering
Relocatable symbols

      At line 311 in file startup.s
   Uses
      At line 109 in file startup.s
      At line 275 in file startup.s

RIT_IRQHandler 0000007A

Symbol: RIT_IRQHandler
   Definitions
      At line 309 in file startup.s
   Uses
      At line 107 in file startup.s
      At line 273 in file startup.s

RTC_IRQHandler 0000007A

Symbol: RTC_IRQHandler
   Definitions
      At line 297 in file startup.s
   Uses
      At line 95 in file startup.s
      At line 261 in file startup.s

Reset_Handler 00000000

Symbol: Reset_Handler
   Definitions
      At line 128 in file startup.s
   Uses
      At line 61 in file startup.s
      At line 129 in file startup.s

SPI_IRQHandler 0000007A

Symbol: SPI_IRQHandler
   Definitions
      At line 293 in file startup.s
   Uses
      At line 91 in file startup.s
      At line 257 in file startup.s

SSP0_IRQHandler 0000007A

Symbol: SSP0_IRQHandler
   Definitions
      At line 294 in file startup.s
   Uses
      At line 92 in file startup.s
      At line 258 in file startup.s

SSP1_IRQHandler 0000007A

Symbol: SSP1_IRQHandler
   Definitions
      At line 295 in file startup.s
   Uses
      At line 93 in file startup.s
      At line 259 in file startup.s




ARM Macro Assembler    Page 6 Alphabetic symbol ordering
Relocatable symbols

SVC_Handler 0000001A

Symbol: SVC_Handler
   Definitions
      At line 147 in file startup.s
   Uses
      At line 71 in file startup.s
      At line 148 in file startup.s

Square_power 00000040

Symbol: Square_power
   Definitions
      At line 174 in file startup.s
   Uses
      At line 169 in file startup.s
Comment: Square_power used once
Square_root 00000046

Symbol: Square_root
   Definitions
      At line 177 in file startup.s
   Uses
      At line 171 in file startup.s
Comment: Square_root used once
Square_root_found 00000058

Symbol: Square_root_found
   Definitions
      At line 186 in file startup.s
   Uses
      At line 183 in file startup.s
Comment: Square_root_found used once
Square_root_loop 0000004A

Symbol: Square_root_loop
   Definitions
      At line 179 in file startup.s
   Uses
      At line 185 in file startup.s
Comment: Square_root_loop used once
Stop 00000018

Symbol: Stop
   Definitions
      At line 142 in file startup.s
   Uses
      None
Comment: Stop unused
Svc_end 0000005E

Symbol: Svc_end
   Definitions
      At line 191 in file startup.s
   Uses
      At line 173 in file startup.s
      At line 176 in file startup.s
      At line 188 in file startup.s




ARM Macro Assembler    Page 7 Alphabetic symbol ordering
Relocatable symbols

Svc_quit 00000068

Symbol: Svc_quit
   Definitions
      At line 200 in file startup.s
   Uses
      None
Comment: Svc_quit unused
SysTick_Handler 00000078

Symbol: SysTick_Handler
   Definitions
      At line 237 in file startup.s
   Uses
      At line 75 in file startup.s
      At line 238 in file startup.s

TIMER0_IRQHandler 0000007A

Symbol: TIMER0_IRQHandler
   Definitions
      At line 281 in file startup.s
   Uses
      At line 79 in file startup.s
      At line 245 in file startup.s

TIMER1_IRQHandler 0000007A

Symbol: TIMER1_IRQHandler
   Definitions
      At line 282 in file startup.s
   Uses
      At line 80 in file startup.s
      At line 246 in file startup.s

TIMER2_IRQHandler 0000007A

Symbol: TIMER2_IRQHandler
   Definitions
      At line 283 in file startup.s
   Uses
      At line 81 in file startup.s
      At line 247 in file startup.s

TIMER3_IRQHandler 0000007A

Symbol: TIMER3_IRQHandler
   Definitions
      At line 284 in file startup.s
   Uses
      At line 82 in file startup.s
      At line 248 in file startup.s

UART0_IRQHandler 0000007A

Symbol: UART0_IRQHandler
   Definitions
      At line 285 in file startup.s
   Uses



ARM Macro Assembler    Page 8 Alphabetic symbol ordering
Relocatable symbols

      At line 83 in file startup.s
      At line 249 in file startup.s

UART1_IRQHandler 0000007A

Symbol: UART1_IRQHandler
   Definitions
      At line 286 in file startup.s
   Uses
      At line 84 in file startup.s
      At line 250 in file startup.s

UART2_IRQHandler 0000007A

Symbol: UART2_IRQHandler
   Definitions
      At line 287 in file startup.s
   Uses
      At line 85 in file startup.s
      At line 251 in file startup.s

UART3_IRQHandler 0000007A

Symbol: UART3_IRQHandler
   Definitions
      At line 288 in file startup.s
   Uses
      At line 86 in file startup.s
      At line 252 in file startup.s

USBActivity_IRQHandler 0000007A

Symbol: USBActivity_IRQHandler
   Definitions
      At line 313 in file startup.s
   Uses
      At line 111 in file startup.s
      At line 277 in file startup.s

USB_IRQHandler 0000007A

Symbol: USB_IRQHandler
   Definitions
      At line 304 in file startup.s
   Uses
      At line 102 in file startup.s
      At line 268 in file startup.s

UsageFault_Handler 00000072

Symbol: UsageFault_Handler
   Definitions
      At line 224 in file startup.s
   Uses
      At line 66 in file startup.s
      At line 225 in file startup.s

WDT_IRQHandler 0000007A




ARM Macro Assembler    Page 9 Alphabetic symbol ordering
Relocatable symbols

Symbol: WDT_IRQHandler
   Definitions
      At line 280 in file startup.s
   Uses
      At line 78 in file startup.s
      At line 244 in file startup.s

54 symbols



ARM Macro Assembler    Page 1 Alphabetic symbol ordering
Absolute symbols

Heap_Size 00000000

Symbol: Heap_Size
   Definitions
      At line 43 in file startup.s
   Uses
      At line 47 in file startup.s
Comment: Heap_Size used once
Stack_Size 00000200

Symbol: Stack_Size
   Definitions
      At line 31 in file startup.s
   Uses
      At line 34 in file startup.s
      At line 35 in file startup.s

2 symbols
405 symbols in table
